2023-04-11T03:05:00.296329+0700 ERROR An error has been caught in function 'dispatch_request', process 'MainProcess' (18732), thread 'Thread-6 (process_request_thread)' (18748):
Traceback (most recent call last):

  File "C:\Python310\lib\threading.py", line 966, in _bootstrap
    self._bootstrap_inner()
    │    └ <function Thread._bootstrap_inner at 0x000001E13C8DC820>
    └ <Thread(Thread-6 (process_request_thread), started daemon 18748)>

  File "C:\Python310\lib\threading.py", line 1009, in _bootstrap_inner
    self.run()
    │    └ <function Thread.run at 0x000001E13C8DC550>
    └ <Thread(Thread-6 (process_request_thread), started daemon 18748)>

  File "C:\Python310\lib\threading.py", line 946, in run
    self._target(*self._args, **self._kwargs)
    │    │        │    │        │    └ {}
    │    │        │    │        └ <Thread(Thread-6 (process_request_thread), started daemon 18748)>
    │    │        │    └ (<socket.socket fd=428, family=AddressFamily.AF_INET, type=SocketKind.SOCK_STREAM, proto=0, laddr=('127.0.0.1', 5000), raddr=...
    │    │        └ <Thread(Thread-6 (process_request_thread), started daemon 18748)>
    │    └ <bound method ThreadingMixIn.process_request_thread of <werkzeug.serving.ThreadedWSGIServer object at 0x000001E13EC7D390>>
    └ <Thread(Thread-6 (process_request_thread), started daemon 18748)>

  File "C:\Python310\lib\socketserver.py", line 683, in process_request_thread
    self.finish_request(request, client_address)
    │    │              │        └ ('127.0.0.1', 64709)
    │    │              └ <socket.socket fd=428, family=AddressFamily.AF_INET, type=SocketKind.SOCK_STREAM, proto=0, laddr=('127.0.0.1', 5000), raddr=(...
    │    └ <function BaseServer.finish_request at 0x000001E13CA03E20>
    └ <werkzeug.serving.ThreadedWSGIServer object at 0x000001E13EC7D390>

  File "C:\Python310\lib\socketserver.py", line 360, in finish_request
    self.RequestHandlerClass(request, client_address, self)
    │    │                   │        │               └ <werkzeug.serving.ThreadedWSGIServer object at 0x000001E13EC7D390>
    │    │                   │        └ ('127.0.0.1', 64709)
    │    │                   └ <socket.socket fd=428, family=AddressFamily.AF_INET, type=SocketKind.SOCK_STREAM, proto=0, laddr=('127.0.0.1', 5000), raddr=(...
    │    └ <class 'werkzeug.serving.WSGIRequestHandler'>
    └ <werkzeug.serving.ThreadedWSGIServer object at 0x000001E13EC7D390>

  File "C:\Python310\lib\socketserver.py", line 747, in __init__
    self.handle()
    │    └ <function WSGIRequestHandler.handle at 0x000001E13D083520>
    └ <werkzeug.serving.WSGIRequestHandler object at 0x000001E13EC7E5F0>

  File "D:\JOBS\pacmann\ujian\backend\venv\lib\site-packages\werkzeug\serving.py", line 361, in handle
    super().handle()

  File "C:\Python310\lib\http\server.py", line 425, in handle
    self.handle_one_request()
    │    └ <function BaseHTTPRequestHandler.handle_one_request at 0x000001E13CFFBE20>
    └ <werkzeug.serving.WSGIRequestHandler object at 0x000001E13EC7E5F0>

  File "C:\Python310\lib\http\server.py", line 413, in handle_one_request
    method()
    └ <bound method WSGIRequestHandler.run_wsgi of <werkzeug.serving.WSGIRequestHandler object at 0x000001E13EC7E5F0>>

  File "D:\JOBS\pacmann\ujian\backend\venv\lib\site-packages\werkzeug\serving.py", line 333, in run_wsgi
    execute(self.server.app)
    │       │    │      └ <werkzeug.debug.DebuggedApplication object at 0x000001E13EC45B10>
    │       │    └ <werkzeug.serving.ThreadedWSGIServer object at 0x000001E13EC7D390>
    │       └ <werkzeug.serving.WSGIRequestHandler object at 0x000001E13EC7E5F0>
    └ <function WSGIRequestHandler.run_wsgi.<locals>.execute at 0x000001E13ECD5EA0>

  File "D:\JOBS\pacmann\ujian\backend\venv\lib\site-packages\werkzeug\serving.py", line 322, in execute
    for data in application_iter:
                └ <generator object DebuggedApplication.debug_application at 0x000001E13ECA90E0>

  File "D:\JOBS\pacmann\ujian\backend\venv\lib\site-packages\werkzeug\debug\__init__.py", line 329, in debug_application
    app_iter = self.app(environ, start_response)
               │    │   │        └ <function WSGIRequestHandler.run_wsgi.<locals>.start_response at 0x000001E13EC8BA30>
               │    │   └ {'wsgi.version': (1, 0), 'wsgi.url_scheme': 'http', 'wsgi.input': <_io.BufferedReader name=428>, 'wsgi.errors': <_io.TextIOWr...
               │    └ <Flask 'run'>
               └ <werkzeug.debug.DebuggedApplication object at 0x000001E13EC45B10>

  File "D:\JOBS\pacmann\ujian\backend\venv\lib\site-packages\flask\app.py", line 2551, in __call__
    return self.wsgi_app(environ, start_response)
           │    │        │        └ <function WSGIRequestHandler.run_wsgi.<locals>.start_response at 0x000001E13EC8BA30>
           │    │        └ {'wsgi.version': (1, 0), 'wsgi.url_scheme': 'http', 'wsgi.input': <_io.BufferedReader name=428>, 'wsgi.errors': <_io.TextIOWr...
           │    └ <function Flask.wsgi_app at 0x000001E13D433D90>
           └ <Flask 'run'>

  File "D:\JOBS\pacmann\ujian\backend\venv\lib\site-packages\flask\app.py", line 2528, in wsgi_app
    response = self.full_dispatch_request()
               │    └ <function Flask.full_dispatch_request at 0x000001E13D433250>
               └ <Flask 'run'>

  File "D:\JOBS\pacmann\ujian\backend\venv\lib\site-packages\flask\app.py", line 1823, in full_dispatch_request
    rv = self.dispatch_request()
         │    └ <function Flask.dispatch_request at 0x000001E13D4331C0>
         └ <Flask 'run'>

  File "D:\JOBS\pacmann\ujian\backend\venv\lib\site-packages\flask\app.py", line 1799, in dispatch_request
    return self.ensure_sync(self.view_functions[rule.endpoint])(**view_args)
           │    │           │    │              │    │            └ {}
           │    │           │    │              │    └ 'todoroute'
           │    │           │    │              └ <Rule '/api/todo' (GET, DELETE, OPTIONS, POST, HEAD, PUT) -> todoroute>
           │    │           │    └ {'static': <function Flask.__init__.<locals>.<lambda> at 0x000001E13EA469E0>, 'usersroute': <function View.as_view.<locals>.v...
           │    │           └ <Flask 'run'>
           │    └ <function Flask.ensure_sync at 0x000001E13D433520>
           └ <Flask 'run'>

  File "D:\JOBS\pacmann\ujian\backend\venv\lib\site-packages\flask_restful\__init__.py", line 467, in wrapper
    resp = resource(*args, **kwargs)
           │         │       └ {}
           │         └ ()
           └ <function View.as_view.<locals>.view at 0x000001E13EC3F2E0>

  File "D:\JOBS\pacmann\ujian\backend\venv\lib\site-packages\flask\views.py", line 107, in view
    return current_app.ensure_sync(self.dispatch_request)(**kwargs)
           │                       │    │                   └ {}
           │                       │    └ <function Resource.dispatch_request at 0x000001E13D44B130>
           │                       └ <app.routes.todo.TodoRoute object at 0x000001E13EE1D1E0>
           └ <Flask 'run'>

> File "D:\JOBS\pacmann\ujian\backend\venv\lib\site-packages\flask_restful\__init__.py", line 582, in dispatch_request
    resp = meth(*args, **kwargs)
           │     │       └ {}
           │     └ ()
           └ <bound method TodoRoute.get of <app.routes.todo.TodoRoute object at 0x000001E13EE1D1E0>>

  File "D:\JOBS\pacmann\ujian\backend\venv\lib\site-packages\flask_jwt_extended\view_decorators.py", line 153, in decorator
    verify_jwt_in_request(optional, fresh, refresh, locations, verify_type)
    │                     │         │      │        │          └ True
    │                     │         │      │        └ None
    │                     │         │      └ False
    │                     │         └ False
    │                     └ False
    └ <function verify_jwt_in_request at 0x000001E13EA29B40>

  File "D:\JOBS\pacmann\ujian\backend\venv\lib\site-packages\flask_jwt_extended\view_decorators.py", line 89, in verify_jwt_in_request
    jwt_data, jwt_header, jwt_location = _decode_jwt_from_request(
                                         └ <function _decode_jwt_from_request at 0x000001E13EA29FC0>

  File "D:\JOBS\pacmann\ujian\backend\venv\lib\site-packages\flask_jwt_extended\view_decorators.py", line 323, in _decode_jwt_from_request
    decoded_token = decode_token(encoded_token, csrf_token)
                    │            │              └ None
                    │            └ 'eyJhbGciOiJIUzI1NiIsInR5cCI6IkpXVCJ9.eyJmcmVzaCI6dHJ1ZSwiaWF0IjoxNjgxMDA2MjU1LCJqdGkiOiJmZDZlOTlkNS00MTk4LTQ5MTQtODdlNC1kMDl...
                    └ <function decode_token at 0x000001E13EA28550>

  File "D:\JOBS\pacmann\ujian\backend\venv\lib\site-packages\flask_jwt_extended\utils.py", line 127, in decode_token
    return jwt_manager._decode_jwt_from_config(encoded_token, csrf_value, allow_expired)
           │           │                       │              │           └ False
           │           │                       │              └ None
           │           │                       └ 'eyJhbGciOiJIUzI1NiIsInR5cCI6IkpXVCJ9.eyJmcmVzaCI6dHJ1ZSwiaWF0IjoxNjgxMDA2MjU1LCJqdGkiOiJmZDZlOTlkNS00MTk4LTQ5MTQtODdlNC1kMDl...
           │           └ <function JWTManager._decode_jwt_from_config at 0x000001E13EA29750>
           └ <flask_jwt_extended.jwt_manager.JWTManager object at 0x000001E13EA53370>

  File "D:\JOBS\pacmann\ujian\backend\venv\lib\site-packages\flask_jwt_extended\jwt_manager.py", line 553, in _decode_jwt_from_config
    return _decode_jwt(**kwargs, allow_expired=allow_expired)
           │             │                     └ False
           │             └ {'algorithms': ['HS256'], 'audience': None, 'csrf_value': None, 'encoded_token': 'eyJhbGciOiJIUzI1NiIsInR5cCI6IkpXVCJ9.eyJmcm...
           └ <function _decode_jwt at 0x000001E13EA0FEB0>

  File "D:\JOBS\pacmann\ujian\backend\venv\lib\site-packages\flask_jwt_extended\tokens.py", line 94, in _decode_jwt
    decoded_token = jwt.decode(
                    │   └ <bound method PyJWT.decode of <jwt.api_jwt.PyJWT object at 0x000001E13E9E6CB0>>
                    └ <module 'jwt' from 'D:\\JOBS\\pacmann\\ujian\\backend\\venv\\lib\\site-packages\\jwt\\__init__.py'>

  File "D:\JOBS\pacmann\ujian\backend\venv\lib\site-packages\jwt\api_jwt.py", line 168, in decode
    decoded = self.decode_complete(
              │    └ <function PyJWT.decode_complete at 0x000001E13E9DFEB0>
              └ <jwt.api_jwt.PyJWT object at 0x000001E13E9E6CB0>

  File "D:\JOBS\pacmann\ujian\backend\venv\lib\site-packages\jwt\api_jwt.py", line 136, in decode_complete
    self._validate_claims(
    │    └ <function PyJWT._validate_claims at 0x000001E13EA0C040>
    └ <jwt.api_jwt.PyJWT object at 0x000001E13E9E6CB0>

  File "D:\JOBS\pacmann\ujian\backend\venv\lib\site-packages\jwt\api_jwt.py", line 199, in _validate_claims
    self._validate_exp(payload, now, leeway)
    │    │             │        │    └ 0
    │    │             │        └ 1681157100
    │    │             └ {'fresh': True, 'iat': 1681006255, 'jti': 'fd6e99d5-4198-4914-87e4-d09e5e6d53fc', 'type': 'access', 'sub': 6, 'nbf': 16810062...
    │    └ <function PyJWT._validate_exp at 0x000001E13EA0C280>
    └ <jwt.api_jwt.PyJWT object at 0x000001E13E9E6CB0>

  File "D:\JOBS\pacmann\ujian\backend\venv\lib\site-packages\jwt\api_jwt.py", line 237, in _validate_exp
    raise ExpiredSignatureError("Signature has expired")
          └ <class 'jwt.exceptions.ExpiredSignatureError'>

jwt.exceptions.ExpiredSignatureError: Signature has expired
2023-04-11T03:05:13.105063+0700 ERROR An error has been caught in function 'dispatch_request', process 'MainProcess' (18732), thread 'Thread-7 (process_request_thread)' (4080):
Traceback (most recent call last):

  File "C:\Python310\lib\threading.py", line 966, in _bootstrap
    self._bootstrap_inner()
    │    └ <function Thread._bootstrap_inner at 0x000001E13C8DC820>
    └ <Thread(Thread-7 (process_request_thread), started daemon 4080)>

  File "C:\Python310\lib\threading.py", line 1009, in _bootstrap_inner
    self.run()
    │    └ <function Thread.run at 0x000001E13C8DC550>
    └ <Thread(Thread-7 (process_request_thread), started daemon 4080)>

  File "C:\Python310\lib\threading.py", line 946, in run
    self._target(*self._args, **self._kwargs)
    │    │        │    │        │    └ {}
    │    │        │    │        └ <Thread(Thread-7 (process_request_thread), started daemon 4080)>
    │    │        │    └ (<socket.socket fd=980, family=AddressFamily.AF_INET, type=SocketKind.SOCK_STREAM, proto=0, laddr=('127.0.0.1', 5000), raddr=...
    │    │        └ <Thread(Thread-7 (process_request_thread), started daemon 4080)>
    │    └ <bound method ThreadingMixIn.process_request_thread of <werkzeug.serving.ThreadedWSGIServer object at 0x000001E13EC7D390>>
    └ <Thread(Thread-7 (process_request_thread), started daemon 4080)>

  File "C:\Python310\lib\socketserver.py", line 683, in process_request_thread
    self.finish_request(request, client_address)
    │    │              │        └ ('127.0.0.1', 64710)
    │    │              └ <socket.socket fd=980, family=AddressFamily.AF_INET, type=SocketKind.SOCK_STREAM, proto=0, laddr=('127.0.0.1', 5000), raddr=(...
    │    └ <function BaseServer.finish_request at 0x000001E13CA03E20>
    └ <werkzeug.serving.ThreadedWSGIServer object at 0x000001E13EC7D390>

  File "C:\Python310\lib\socketserver.py", line 360, in finish_request
    self.RequestHandlerClass(request, client_address, self)
    │    │                   │        │               └ <werkzeug.serving.ThreadedWSGIServer object at 0x000001E13EC7D390>
    │    │                   │        └ ('127.0.0.1', 64710)
    │    │                   └ <socket.socket fd=980, family=AddressFamily.AF_INET, type=SocketKind.SOCK_STREAM, proto=0, laddr=('127.0.0.1', 5000), raddr=(...
    │    └ <class 'werkzeug.serving.WSGIRequestHandler'>
    └ <werkzeug.serving.ThreadedWSGIServer object at 0x000001E13EC7D390>

  File "C:\Python310\lib\socketserver.py", line 747, in __init__
    self.handle()
    │    └ <function WSGIRequestHandler.handle at 0x000001E13D083520>
    └ <werkzeug.serving.WSGIRequestHandler object at 0x000001E13EC7E7D0>

  File "D:\JOBS\pacmann\ujian\backend\venv\lib\site-packages\werkzeug\serving.py", line 361, in handle
    super().handle()

  File "C:\Python310\lib\http\server.py", line 425, in handle
    self.handle_one_request()
    │    └ <function BaseHTTPRequestHandler.handle_one_request at 0x000001E13CFFBE20>
    └ <werkzeug.serving.WSGIRequestHandler object at 0x000001E13EC7E7D0>

  File "C:\Python310\lib\http\server.py", line 413, in handle_one_request
    method()
    └ <bound method WSGIRequestHandler.run_wsgi of <werkzeug.serving.WSGIRequestHandler object at 0x000001E13EC7E7D0>>

  File "D:\JOBS\pacmann\ujian\backend\venv\lib\site-packages\werkzeug\serving.py", line 333, in run_wsgi
    execute(self.server.app)
    │       │    │      └ <werkzeug.debug.DebuggedApplication object at 0x000001E13EC45B10>
    │       │    └ <werkzeug.serving.ThreadedWSGIServer object at 0x000001E13EC7D390>
    │       └ <werkzeug.serving.WSGIRequestHandler object at 0x000001E13EC7E7D0>
    └ <function WSGIRequestHandler.run_wsgi.<locals>.execute at 0x000001E13ECD4940>

  File "D:\JOBS\pacmann\ujian\backend\venv\lib\site-packages\werkzeug\serving.py", line 322, in execute
    for data in application_iter:
                └ <generator object DebuggedApplication.debug_application at 0x000001E13ECA9620>

  File "D:\JOBS\pacmann\ujian\backend\venv\lib\site-packages\werkzeug\debug\__init__.py", line 329, in debug_application
    app_iter = self.app(environ, start_response)
               │    │   │        └ <function WSGIRequestHandler.run_wsgi.<locals>.start_response at 0x000001E13ECD6710>
               │    │   └ {'wsgi.version': (1, 0), 'wsgi.url_scheme': 'http', 'wsgi.input': <_io.BufferedReader name=980>, 'wsgi.errors': <_io.TextIOWr...
               │    └ <Flask 'run'>
               └ <werkzeug.debug.DebuggedApplication object at 0x000001E13EC45B10>

  File "D:\JOBS\pacmann\ujian\backend\venv\lib\site-packages\flask\app.py", line 2551, in __call__
    return self.wsgi_app(environ, start_response)
           │    │        │        └ <function WSGIRequestHandler.run_wsgi.<locals>.start_response at 0x000001E13ECD6710>
           │    │        └ {'wsgi.version': (1, 0), 'wsgi.url_scheme': 'http', 'wsgi.input': <_io.BufferedReader name=980>, 'wsgi.errors': <_io.TextIOWr...
           │    └ <function Flask.wsgi_app at 0x000001E13D433D90>
           └ <Flask 'run'>

  File "D:\JOBS\pacmann\ujian\backend\venv\lib\site-packages\flask\app.py", line 2528, in wsgi_app
    response = self.full_dispatch_request()
               │    └ <function Flask.full_dispatch_request at 0x000001E13D433250>
               └ <Flask 'run'>

  File "D:\JOBS\pacmann\ujian\backend\venv\lib\site-packages\flask\app.py", line 1823, in full_dispatch_request
    rv = self.dispatch_request()
         │    └ <function Flask.dispatch_request at 0x000001E13D4331C0>
         └ <Flask 'run'>

  File "D:\JOBS\pacmann\ujian\backend\venv\lib\site-packages\flask\app.py", line 1799, in dispatch_request
    return self.ensure_sync(self.view_functions[rule.endpoint])(**view_args)
           │    │           │    │              │    │            └ {}
           │    │           │    │              │    └ 'todoroute'
           │    │           │    │              └ <Rule '/api/todo' (GET, DELETE, OPTIONS, POST, HEAD, PUT) -> todoroute>
           │    │           │    └ {'static': <function Flask.__init__.<locals>.<lambda> at 0x000001E13EA469E0>, 'usersroute': <function View.as_view.<locals>.v...
           │    │           └ <Flask 'run'>
           │    └ <function Flask.ensure_sync at 0x000001E13D433520>
           └ <Flask 'run'>

  File "D:\JOBS\pacmann\ujian\backend\venv\lib\site-packages\flask_restful\__init__.py", line 467, in wrapper
    resp = resource(*args, **kwargs)
           │         │       └ {}
           │         └ ()
           └ <function View.as_view.<locals>.view at 0x000001E13EC3F2E0>

  File "D:\JOBS\pacmann\ujian\backend\venv\lib\site-packages\flask\views.py", line 107, in view
    return current_app.ensure_sync(self.dispatch_request)(**kwargs)
           │                       │    │                   └ {}
           │                       │    └ <function Resource.dispatch_request at 0x000001E13D44B130>
           │                       └ <app.routes.todo.TodoRoute object at 0x000001E13EF78AC0>
           └ <Flask 'run'>

> File "D:\JOBS\pacmann\ujian\backend\venv\lib\site-packages\flask_restful\__init__.py", line 582, in dispatch_request
    resp = meth(*args, **kwargs)
           │     │       └ {}
           │     └ ()
           └ <bound method TodoRoute.get of <app.routes.todo.TodoRoute object at 0x000001E13EF78AC0>>

  File "D:\JOBS\pacmann\ujian\backend\venv\lib\site-packages\flask_jwt_extended\view_decorators.py", line 153, in decorator
    verify_jwt_in_request(optional, fresh, refresh, locations, verify_type)
    │                     │         │      │        │          └ True
    │                     │         │      │        └ None
    │                     │         │      └ False
    │                     │         └ False
    │                     └ False
    └ <function verify_jwt_in_request at 0x000001E13EA29B40>

  File "D:\JOBS\pacmann\ujian\backend\venv\lib\site-packages\flask_jwt_extended\view_decorators.py", line 89, in verify_jwt_in_request
    jwt_data, jwt_header, jwt_location = _decode_jwt_from_request(
                                         └ <function _decode_jwt_from_request at 0x000001E13EA29FC0>

  File "D:\JOBS\pacmann\ujian\backend\venv\lib\site-packages\flask_jwt_extended\view_decorators.py", line 323, in _decode_jwt_from_request
    decoded_token = decode_token(encoded_token, csrf_token)
                    │            │              └ None
                    │            └ 'eyJhbGciOiJIUzI1NiIsInR5cCI6IkpXVCJ9.eyJmcmVzaCI6dHJ1ZSwiaWF0IjoxNjgxMDA2MjU1LCJqdGkiOiJmZDZlOTlkNS00MTk4LTQ5MTQtODdlNC1kMDl...
                    └ <function decode_token at 0x000001E13EA28550>

  File "D:\JOBS\pacmann\ujian\backend\venv\lib\site-packages\flask_jwt_extended\utils.py", line 127, in decode_token
    return jwt_manager._decode_jwt_from_config(encoded_token, csrf_value, allow_expired)
           │           │                       │              │           └ False
           │           │                       │              └ None
           │           │                       └ 'eyJhbGciOiJIUzI1NiIsInR5cCI6IkpXVCJ9.eyJmcmVzaCI6dHJ1ZSwiaWF0IjoxNjgxMDA2MjU1LCJqdGkiOiJmZDZlOTlkNS00MTk4LTQ5MTQtODdlNC1kMDl...
           │           └ <function JWTManager._decode_jwt_from_config at 0x000001E13EA29750>
           └ <flask_jwt_extended.jwt_manager.JWTManager object at 0x000001E13EA53370>

  File "D:\JOBS\pacmann\ujian\backend\venv\lib\site-packages\flask_jwt_extended\jwt_manager.py", line 553, in _decode_jwt_from_config
    return _decode_jwt(**kwargs, allow_expired=allow_expired)
           │             │                     └ False
           │             └ {'algorithms': ['HS256'], 'audience': None, 'csrf_value': None, 'encoded_token': 'eyJhbGciOiJIUzI1NiIsInR5cCI6IkpXVCJ9.eyJmcm...
           └ <function _decode_jwt at 0x000001E13EA0FEB0>

  File "D:\JOBS\pacmann\ujian\backend\venv\lib\site-packages\flask_jwt_extended\tokens.py", line 94, in _decode_jwt
    decoded_token = jwt.decode(
                    │   └ <bound method PyJWT.decode of <jwt.api_jwt.PyJWT object at 0x000001E13E9E6CB0>>
                    └ <module 'jwt' from 'D:\\JOBS\\pacmann\\ujian\\backend\\venv\\lib\\site-packages\\jwt\\__init__.py'>

  File "D:\JOBS\pacmann\ujian\backend\venv\lib\site-packages\jwt\api_jwt.py", line 168, in decode
    decoded = self.decode_complete(
              │    └ <function PyJWT.decode_complete at 0x000001E13E9DFEB0>
              └ <jwt.api_jwt.PyJWT object at 0x000001E13E9E6CB0>

  File "D:\JOBS\pacmann\ujian\backend\venv\lib\site-packages\jwt\api_jwt.py", line 136, in decode_complete
    self._validate_claims(
    │    └ <function PyJWT._validate_claims at 0x000001E13EA0C040>
    └ <jwt.api_jwt.PyJWT object at 0x000001E13E9E6CB0>

  File "D:\JOBS\pacmann\ujian\backend\venv\lib\site-packages\jwt\api_jwt.py", line 199, in _validate_claims
    self._validate_exp(payload, now, leeway)
    │    │             │        │    └ 0
    │    │             │        └ 1681157113
    │    │             └ {'fresh': True, 'iat': 1681006255, 'jti': 'fd6e99d5-4198-4914-87e4-d09e5e6d53fc', 'type': 'access', 'sub': 6, 'nbf': 16810062...
    │    └ <function PyJWT._validate_exp at 0x000001E13EA0C280>
    └ <jwt.api_jwt.PyJWT object at 0x000001E13E9E6CB0>

  File "D:\JOBS\pacmann\ujian\backend\venv\lib\site-packages\jwt\api_jwt.py", line 237, in _validate_exp
    raise ExpiredSignatureError("Signature has expired")
          └ <class 'jwt.exceptions.ExpiredSignatureError'>

jwt.exceptions.ExpiredSignatureError: Signature has expired
2023-04-11T03:05:25.059256+0700 ERROR An error has been caught in function 'dispatch_request', process 'MainProcess' (18732), thread 'Thread-9 (process_request_thread)' (17424):
Traceback (most recent call last):

  File "C:\Python310\lib\threading.py", line 966, in _bootstrap
    self._bootstrap_inner()
    │    └ <function Thread._bootstrap_inner at 0x000001E13C8DC820>
    └ <Thread(Thread-9 (process_request_thread), started daemon 17424)>

  File "C:\Python310\lib\threading.py", line 1009, in _bootstrap_inner
    self.run()
    │    └ <function Thread.run at 0x000001E13C8DC550>
    └ <Thread(Thread-9 (process_request_thread), started daemon 17424)>

  File "C:\Python310\lib\threading.py", line 946, in run
    self._target(*self._args, **self._kwargs)
    │    │        │    │        │    └ {}
    │    │        │    │        └ <Thread(Thread-9 (process_request_thread), started daemon 17424)>
    │    │        │    └ (<socket.socket fd=372, family=AddressFamily.AF_INET, type=SocketKind.SOCK_STREAM, proto=0, laddr=('127.0.0.1', 5000), raddr=...
    │    │        └ <Thread(Thread-9 (process_request_thread), started daemon 17424)>
    │    └ <bound method ThreadingMixIn.process_request_thread of <werkzeug.serving.ThreadedWSGIServer object at 0x000001E13EC7D390>>
    └ <Thread(Thread-9 (process_request_thread), started daemon 17424)>

  File "C:\Python310\lib\socketserver.py", line 683, in process_request_thread
    self.finish_request(request, client_address)
    │    │              │        └ ('127.0.0.1', 64712)
    │    │              └ <socket.socket fd=372, family=AddressFamily.AF_INET, type=SocketKind.SOCK_STREAM, proto=0, laddr=('127.0.0.1', 5000), raddr=(...
    │    └ <function BaseServer.finish_request at 0x000001E13CA03E20>
    └ <werkzeug.serving.ThreadedWSGIServer object at 0x000001E13EC7D390>

  File "C:\Python310\lib\socketserver.py", line 360, in finish_request
    self.RequestHandlerClass(request, client_address, self)
    │    │                   │        │               └ <werkzeug.serving.ThreadedWSGIServer object at 0x000001E13EC7D390>
    │    │                   │        └ ('127.0.0.1', 64712)
    │    │                   └ <socket.socket fd=372, family=AddressFamily.AF_INET, type=SocketKind.SOCK_STREAM, proto=0, laddr=('127.0.0.1', 5000), raddr=(...
    │    └ <class 'werkzeug.serving.WSGIRequestHandler'>
    └ <werkzeug.serving.ThreadedWSGIServer object at 0x000001E13EC7D390>

  File "C:\Python310\lib\socketserver.py", line 747, in __init__
    self.handle()
    │    └ <function WSGIRequestHandler.handle at 0x000001E13D083520>
    └ <werkzeug.serving.WSGIRequestHandler object at 0x000001E13EC7E6B0>

  File "D:\JOBS\pacmann\ujian\backend\venv\lib\site-packages\werkzeug\serving.py", line 361, in handle
    super().handle()

  File "C:\Python310\lib\http\server.py", line 425, in handle
    self.handle_one_request()
    │    └ <function BaseHTTPRequestHandler.handle_one_request at 0x000001E13CFFBE20>
    └ <werkzeug.serving.WSGIRequestHandler object at 0x000001E13EC7E6B0>

  File "C:\Python310\lib\http\server.py", line 413, in handle_one_request
    method()
    └ <bound method WSGIRequestHandler.run_wsgi of <werkzeug.serving.WSGIRequestHandler object at 0x000001E13EC7E6B0>>

  File "D:\JOBS\pacmann\ujian\backend\venv\lib\site-packages\werkzeug\serving.py", line 333, in run_wsgi
    execute(self.server.app)
    │       │    │      └ <werkzeug.debug.DebuggedApplication object at 0x000001E13EC45B10>
    │       │    └ <werkzeug.serving.ThreadedWSGIServer object at 0x000001E13EC7D390>
    │       └ <werkzeug.serving.WSGIRequestHandler object at 0x000001E13EC7E6B0>
    └ <function WSGIRequestHandler.run_wsgi.<locals>.execute at 0x000001E13ECD4940>

  File "D:\JOBS\pacmann\ujian\backend\venv\lib\site-packages\werkzeug\serving.py", line 322, in execute
    for data in application_iter:
                └ <generator object DebuggedApplication.debug_application at 0x000001E13EE8C7B0>

  File "D:\JOBS\pacmann\ujian\backend\venv\lib\site-packages\werkzeug\debug\__init__.py", line 329, in debug_application
    app_iter = self.app(environ, start_response)
               │    │   │        └ <function WSGIRequestHandler.run_wsgi.<locals>.start_response at 0x000001E13ECD6710>
               │    │   └ {'wsgi.version': (1, 0), 'wsgi.url_scheme': 'http', 'wsgi.input': <_io.BufferedReader name=372>, 'wsgi.errors': <_io.TextIOWr...
               │    └ <Flask 'run'>
               └ <werkzeug.debug.DebuggedApplication object at 0x000001E13EC45B10>

  File "D:\JOBS\pacmann\ujian\backend\venv\lib\site-packages\flask\app.py", line 2551, in __call__
    return self.wsgi_app(environ, start_response)
           │    │        │        └ <function WSGIRequestHandler.run_wsgi.<locals>.start_response at 0x000001E13ECD6710>
           │    │        └ {'wsgi.version': (1, 0), 'wsgi.url_scheme': 'http', 'wsgi.input': <_io.BufferedReader name=372>, 'wsgi.errors': <_io.TextIOWr...
           │    └ <function Flask.wsgi_app at 0x000001E13D433D90>
           └ <Flask 'run'>

  File "D:\JOBS\pacmann\ujian\backend\venv\lib\site-packages\flask\app.py", line 2528, in wsgi_app
    response = self.full_dispatch_request()
               │    └ <function Flask.full_dispatch_request at 0x000001E13D433250>
               └ <Flask 'run'>

  File "D:\JOBS\pacmann\ujian\backend\venv\lib\site-packages\flask\app.py", line 1823, in full_dispatch_request
    rv = self.dispatch_request()
         │    └ <function Flask.dispatch_request at 0x000001E13D4331C0>
         └ <Flask 'run'>

  File "D:\JOBS\pacmann\ujian\backend\venv\lib\site-packages\flask\app.py", line 1799, in dispatch_request
    return self.ensure_sync(self.view_functions[rule.endpoint])(**view_args)
           │    │           │    │              │    │            └ {}
           │    │           │    │              │    └ 'todoroute'
           │    │           │    │              └ <Rule '/api/todo' (GET, DELETE, OPTIONS, POST, HEAD, PUT) -> todoroute>
           │    │           │    └ {'static': <function Flask.__init__.<locals>.<lambda> at 0x000001E13EA469E0>, 'usersroute': <function View.as_view.<locals>.v...
           │    │           └ <Flask 'run'>
           │    └ <function Flask.ensure_sync at 0x000001E13D433520>
           └ <Flask 'run'>

  File "D:\JOBS\pacmann\ujian\backend\venv\lib\site-packages\flask_restful\__init__.py", line 467, in wrapper
    resp = resource(*args, **kwargs)
           │         │       └ {}
           │         └ ()
           └ <function View.as_view.<locals>.view at 0x000001E13EC3F2E0>

  File "D:\JOBS\pacmann\ujian\backend\venv\lib\site-packages\flask\views.py", line 107, in view
    return current_app.ensure_sync(self.dispatch_request)(**kwargs)
           │                       │    │                   └ {}
           │                       │    └ <function Resource.dispatch_request at 0x000001E13D44B130>
           │                       └ <app.routes.todo.TodoRoute object at 0x000001E13EF81A20>
           └ <Flask 'run'>

> File "D:\JOBS\pacmann\ujian\backend\venv\lib\site-packages\flask_restful\__init__.py", line 582, in dispatch_request
    resp = meth(*args, **kwargs)
           │     │       └ {}
           │     └ ()
           └ <bound method TodoRoute.get of <app.routes.todo.TodoRoute object at 0x000001E13EF81A20>>

  File "D:\JOBS\pacmann\ujian\backend\venv\lib\site-packages\flask_jwt_extended\view_decorators.py", line 153, in decorator
    verify_jwt_in_request(optional, fresh, refresh, locations, verify_type)
    │                     │         │      │        │          └ True
    │                     │         │      │        └ None
    │                     │         │      └ False
    │                     │         └ False
    │                     └ False
    └ <function verify_jwt_in_request at 0x000001E13EA29B40>

  File "D:\JOBS\pacmann\ujian\backend\venv\lib\site-packages\flask_jwt_extended\view_decorators.py", line 89, in verify_jwt_in_request
    jwt_data, jwt_header, jwt_location = _decode_jwt_from_request(
                                         └ <function _decode_jwt_from_request at 0x000001E13EA29FC0>

  File "D:\JOBS\pacmann\ujian\backend\venv\lib\site-packages\flask_jwt_extended\view_decorators.py", line 323, in _decode_jwt_from_request
    decoded_token = decode_token(encoded_token, csrf_token)
                    │            │              └ None
                    │            └ 'eyJhbGciOiJIUzI1NiIsInR5cCI6IkpXVCJ9.eyJmcmVzaCI6dHJ1ZSwiaWF0IjoxNjgxMDA2MjU1LCJqdGkiOiJmZDZlOTlkNS00MTk4LTQ5MTQtODdlNC1kMDl...
                    └ <function decode_token at 0x000001E13EA28550>

  File "D:\JOBS\pacmann\ujian\backend\venv\lib\site-packages\flask_jwt_extended\utils.py", line 127, in decode_token
    return jwt_manager._decode_jwt_from_config(encoded_token, csrf_value, allow_expired)
           │           │                       │              │           └ False
           │           │                       │              └ None
           │           │                       └ 'eyJhbGciOiJIUzI1NiIsInR5cCI6IkpXVCJ9.eyJmcmVzaCI6dHJ1ZSwiaWF0IjoxNjgxMDA2MjU1LCJqdGkiOiJmZDZlOTlkNS00MTk4LTQ5MTQtODdlNC1kMDl...
           │           └ <function JWTManager._decode_jwt_from_config at 0x000001E13EA29750>
           └ <flask_jwt_extended.jwt_manager.JWTManager object at 0x000001E13EA53370>

  File "D:\JOBS\pacmann\ujian\backend\venv\lib\site-packages\flask_jwt_extended\jwt_manager.py", line 553, in _decode_jwt_from_config
    return _decode_jwt(**kwargs, allow_expired=allow_expired)
           │             │                     └ False
           │             └ {'algorithms': ['HS256'], 'audience': None, 'csrf_value': None, 'encoded_token': 'eyJhbGciOiJIUzI1NiIsInR5cCI6IkpXVCJ9.eyJmcm...
           └ <function _decode_jwt at 0x000001E13EA0FEB0>

  File "D:\JOBS\pacmann\ujian\backend\venv\lib\site-packages\flask_jwt_extended\tokens.py", line 94, in _decode_jwt
    decoded_token = jwt.decode(
                    │   └ <bound method PyJWT.decode of <jwt.api_jwt.PyJWT object at 0x000001E13E9E6CB0>>
                    └ <module 'jwt' from 'D:\\JOBS\\pacmann\\ujian\\backend\\venv\\lib\\site-packages\\jwt\\__init__.py'>

  File "D:\JOBS\pacmann\ujian\backend\venv\lib\site-packages\jwt\api_jwt.py", line 168, in decode
    decoded = self.decode_complete(
              │    └ <function PyJWT.decode_complete at 0x000001E13E9DFEB0>
              └ <jwt.api_jwt.PyJWT object at 0x000001E13E9E6CB0>

  File "D:\JOBS\pacmann\ujian\backend\venv\lib\site-packages\jwt\api_jwt.py", line 136, in decode_complete
    self._validate_claims(
    │    └ <function PyJWT._validate_claims at 0x000001E13EA0C040>
    └ <jwt.api_jwt.PyJWT object at 0x000001E13E9E6CB0>

  File "D:\JOBS\pacmann\ujian\backend\venv\lib\site-packages\jwt\api_jwt.py", line 199, in _validate_claims
    self._validate_exp(payload, now, leeway)
    │    │             │        │    └ 0
    │    │             │        └ 1681157125
    │    │             └ {'fresh': True, 'iat': 1681006255, 'jti': 'fd6e99d5-4198-4914-87e4-d09e5e6d53fc', 'type': 'access', 'sub': 6, 'nbf': 16810062...
    │    └ <function PyJWT._validate_exp at 0x000001E13EA0C280>
    └ <jwt.api_jwt.PyJWT object at 0x000001E13E9E6CB0>

  File "D:\JOBS\pacmann\ujian\backend\venv\lib\site-packages\jwt\api_jwt.py", line 237, in _validate_exp
    raise ExpiredSignatureError("Signature has expired")
          └ <class 'jwt.exceptions.ExpiredSignatureError'>

jwt.exceptions.ExpiredSignatureError: Signature has expired
